-------------------------------------------------------------------------------
Test set: model.entity.ExamStartButtonTest
-------------------------------------------------------------------------------
Tests run: 1, Failures: 1, Errors: 0, Skipped: 0, Time elapsed: 0.583 s <<< FAILURE! - in model.entity.ExamStartButtonTest
configureButtonTest  Time elapsed: 0.583 s  <<< FAILURE!
org.opentest4j.AssertionFailedError: expected: <true> but was: <false>
	at model.entity.ExamStartButtonTest.configureButtonTest(ExamStartButtonTest.java:61)

